<?xml version="1.0" encoding="UTF-8"?>
<!-- Generated by org.testng.reporters.JUnitReportReporter -->
<testsuite hostname="IN-PG02A8M3" failures="0" tests="1" name="Runner.AndroidRunner$RunnerApplication" time="0.031" errors="0" timestamp="2022-05-01T15:53:45 IST" skipped="0">
  <testcase classname="Runner.AndroidRunner$RunnerApplication" name="feature" time="0.031"/>
  <system-out/>
</testsuite> <!-- Runner.AndroidRunner$RunnerApplication -->
