<?xml version="1.0" encoding="UTF-8"?>
<!-- Generated by org.testng.reporters.JUnitReportReporter -->
<testsuite hostname="IN-PG02A8M3" failures="0" tests="2" name="Test.Test_Home_Page" time="36.973" errors="0" timestamp="2022-05-24T17:35:18 IST" skipped="0">
  <testcase classname="Test.Test_Home_Page" name="Home" time="23.361"/>
  <system-out/>
  <testcase classname="Test.Test_Home_Page" name="base" time="13.612"/>
  <system-out/>
</testsuite> <!-- Test.Test_Home_Page -->
