<?xml version="1.0" encoding="UTF-8"?>
<!-- Generated by org.testng.reporters.JUnitReportReporter -->
<testsuite hostname="IN-PG02A8M3" failures="0" tests="1" name="Test.Test_Details_page" time="45.798" errors="0" timestamp="2022-05-01T16:54:08 IST" skipped="0">
  <testcase classname="Test.Test_Details_page" name="details" time="45.798"/>
  <system-out/>
</testsuite> <!-- Test.Test_Details_page -->
