<?xml version="1.0" encoding="UTF-8"?>
<!-- Generated by org.testng.reporters.JUnitReportReporter -->
<testsuite hostname="IN-PG02A8M3" failures="0" tests="1" name="Test.Base" time="30.024" errors="0" timestamp="2022-05-24T21:06:43 IST" skipped="0">
  <testcase classname="Test.Base" name="base" time="30.024"/>
  <system-out/>
</testsuite> <!-- Test.Base -->
