<?xml version="1.0" encoding="UTF-8"?>
<!-- Generated by org.testng.reporters.JUnitReportReporter -->
<testsuite hostname="IN-PG02P4Y7" failures="0" tests="6" name="TestRunner.RunnerApplication" time="137.784" errors="0" timestamp="2022-05-30T12:48:11 IST" skipped="0">
  <testcase classname="TestRunner.RunnerApplication" name="feature" time="22.504"/>
  <system-out/>
  <testcase classname="TestRunner.RunnerApplication" name="feature" time="27.261"/>
  <system-out/>
  <testcase classname="TestRunner.RunnerApplication" name="feature" time="24.643"/>
  <system-out/>
  <testcase classname="TestRunner.RunnerApplication" name="feature" time="26.789"/>
  <system-out/>
  <testcase classname="TestRunner.RunnerApplication" name="feature" time="26.103"/>
  <system-out/>
  <testcase classname="TestRunner.RunnerApplication" name="feature" time="10.484"/>
  <system-out/>
</testsuite> <!-- TestRunner.RunnerApplication -->
