<?xml version="1.0" encoding="UTF-8"?>
<!-- Generated by org.testng.reporters.JUnitReportReporter -->
<testsuite hostname="IN-PG02P4Y7" failures="0" tests="4" name="Runner.RunnerApplication" time="361.562" errors="0" timestamp="2022-05-24T15:43:24 IST" skipped="0">
  <testcase classname="Runner.RunnerApplication" name="feature" time="100.237"/>
  <system-out/>
  <testcase classname="Runner.RunnerApplication" name="feature" time="84.626"/>
  <system-out/>
  <testcase classname="Runner.RunnerApplication" name="feature" time="71.404"/>
  <system-out/>
  <testcase classname="Runner.RunnerApplication" name="feature" time="105.295"/>
  <system-out/>
</testsuite> <!-- Runner.RunnerApplication -->
