<?xml version="1.0" encoding="UTF-8"?>
<!-- Generated by org.testng.reporters.JUnitReportReporter -->
<testsuite hostname="IN-PG02A8M3" failures="0" tests="2" name="Test.Test_animation_Page" time="37.482" errors="0" timestamp="2022-05-24T21:32:48 IST" skipped="0">
  <testcase classname="Test.Test_animation_Page" name="base" time="11.987"/>
  <system-out/>
  <testcase classname="Test.Test_animation_Page" name="animation_hide" time="25.495"/>
  <system-out/>
</testsuite> <!-- Test.Test_animation_Page -->
