<?xml version="1.0" encoding="UTF-8"?>
<!-- Generated by org.testng.reporters.JUnitReportReporter -->
<testsuite hostname="IN-PG02A8M3" failures="0" tests="1" name="App.Check_Hotstar" time="120.022" errors="0" timestamp="2022-04-30T20:59:34 IST" skipped="0">
  <testcase classname="App.Check_Hotstar" name="check_things" time="120.022"/>
  <system-out/>
</testsuite> <!-- App.Check_Hotstar -->
