<?xml version="1.0" encoding="UTF-8"?>
<!-- Generated by org.testng.reporters.JUnitReportReporter -->
<testsuite hostname="IN-PG02A8M3" failures="0" tests="1" name="Test.Test_Location_Page" time="10.782" errors="0" timestamp="2022-05-01T16:54:08 IST" skipped="0">
  <testcase classname="Test.Test_Location_Page" name="Location" time="10.782"/>
  <system-out/>
</testsuite> <!-- Test.Test_Location_Page -->
