<?xml version="1.0" encoding="UTF-8"?>
<!-- Generated by org.testng.reporters.JUnitReportReporter -->
<testsuite hostname="IN-PG02P4Y7" failures="0" tests="6" name="Runner.Runner" time="122.482" errors="0" timestamp="2022-05-30T13:34:25 IST" skipped="0">
  <testcase classname="Runner.Runner" name="feature" time="10.392"/>
  <system-out/>
  <testcase classname="Runner.Runner" name="feature" time="26.857"/>
  <system-out/>
  <testcase classname="Runner.Runner" name="feature" time="23.514"/>
  <system-out/>
  <testcase classname="Runner.Runner" name="feature" time="22.320"/>
  <system-out/>
  <testcase classname="Runner.Runner" name="feature" time="19.806"/>
  <system-out/>
  <testcase classname="Runner.Runner" name="feature" time="19.593"/>
  <system-out/>
</testsuite> <!-- Runner.Runner -->
