<?xml version="1.0" encoding="UTF-8"?>
<!-- Generated by org.testng.reporters.JUnitReportReporter -->
<testsuite hostname="IN-PG02A8M3" failures="0" tests="3" name="Runner.AndroidRunner$TestRunner" time="0.423" errors="0" timestamp="2022-05-01T15:25:37 IST" skipped="0">
  <testcase classname="Runner.AndroidRunner$TestRunner" name="runScenario" time="0.018"/>
  <system-out/>
  <testcase classname="Runner.AndroidRunner$TestRunner" name="runScenario" time="0.032"/>
  <system-out/>
  <testcase classname="Runner.AndroidRunner$TestRunner" name="runScenario" time="0.373"/>
  <system-out/>
</testsuite> <!-- Runner.AndroidRunner$TestRunner -->
